<?xml version="1.0" encoding="UTF-8"?>
<!-- Generated by org.testng.reporters.JUnitXMLReporter -->
<testsuite hostname="KAVINESH-PC" name="Test" tests="7" failures="0" timestamp="18 Jun 2021 20:09:27 GMT" time="26.419" errors="0">
  <testcase name="NatureofIndianEconomy" time="16.884" classname="testCase_GeneralStudies_Economics.NatureofIndianEconomy_TestCase"/>
  <testcase name="SocialSectorProblemsPopulationEducationHealthEmploymentPoverty" time="1.432" classname="testCase_GeneralStudies_Economics.SocialSectorProblemsPopulationEducationHealthEmploymentPoverty_TestCase"/>
  <testcase name="EconomicTrendsinTamilnadu" time="1.064" classname="testCase_GeneralStudies_Economics.EconomicTrendsinTamilnadu_TestCase"/>
  <testcase name="IndustrialGrowth" time="1.463" classname="testCase_GeneralStudies_Economics.IndustrialGrowth_TestCase"/>
  <testcase name="FiveYearPlanandAssessment" time="1.36" classname="testCase_GeneralStudies_Economics.FiveYearPlanandAssessment_TestCase"/>
  <testcase name="LandReformsandAgricultureAgricultureRelatedschemes" time="1.424" classname="testCase_GeneralStudies_Economics.LandReformsandAgricultureAgricultureRelatedschemes_TestCase"/>
  <testcase name="RuralWelfareOrientedProgrammes" time="2.56" classname="testCase_GeneralStudies_Economics.RuralWelfareOrientedProgrammes_TestCase"/>
</testsuite> <!-- Test -->
